2022-04-25 21:25:49,725 [DEBUG]  Available web server routes: 
/conversations/<conversation_id:path>/messages     POST                           add_message
/conversations/<conversation_id:path>/tracker/events POST                           append_events
/webhooks/rasa                                     GET                            custom_webhook_RasaChatInput.health
/webhooks/rasa/webhook                             POST                           custom_webhook_RasaChatInput.receive
/webhooks/rest                                     GET                            custom_webhook_RestInput.health
/webhooks/rest/webhook                             POST                           custom_webhook_RestInput.receive
/model/test/intents                                POST                           evaluate_intents
/model/test/stories                                POST                           evaluate_stories
/conversations/<conversation_id:path>/execute      POST                           execute_action
/domain                                            GET                            get_domain
/                                                  GET                            hello
/model                                             PUT                            load_model
/model/parse                                       POST                           parse
/conversations/<conversation_id:path>/predict      POST                           predict
/conversations/<conversation_id:path>/tracker/events PUT                            replace_events
/conversations/<conversation_id:path>/story        GET                            retrieve_story
/conversations/<conversation_id:path>/tracker      GET                            retrieve_tracker
/status                                            GET                            status
/model/predict                                     POST                           tracker_predict
/model/train                                       POST                           train
/conversations/<conversation_id:path>/trigger_intent POST                           trigger_intent
/model                                             DELETE                         unload_model
/version                                           GET                            version
2022-04-25 21:25:49,725 [INFO ]  Starting Rasa server on http://localhost:5005
2022-04-25 21:25:49,726 [DEBUG]  Using the default number of Sanic workers (1).
2022-04-25 21:25:49,734 [INFO ]  Loading model models/nlu-20220425-212525.tar.gz...
2022-04-25 21:25:49,740 [DEBUG]  Extracted model to '/tmp/tmp8jdx3os0'.
2022-04-25 21:25:49,752 [DEBUG]  Starting new HTTPS connection (1): api.segment.io:443
2022-04-25 21:25:50,140 [DEBUG]  https://api.segment.io:443 "POST /v1/track HTTP/1.1" 200 21
2022-04-25 21:25:50,145 [INFO ]  Enabling coroutine debugging. Loop id 85684304.
2022-04-25 21:25:50,146 [INFO ]  Loading model models/nlu-20220425-212525.tar.gz...
2022-04-25 21:25:50,150 [DEBUG]  Extracted model to '/tmp/tmpxkxfhlvg'.
2022-04-25 21:25:50,279 [DEBUG]  Failed to load model for 'DIETClassifier'. Maybe you did not provide enough training data and no model was trained or the path '/tmp/tmpxkxfhlvg/nlu' doesn't exist?
2022-04-25 21:25:50,279 [DEBUG]  Failed to load model for 'ResponseSelector'. Maybe you did not provide enough training data and no model was trained or the path '/tmp/tmpxkxfhlvg/nlu' doesn't exist?
2022-04-25 21:25:50,281 [DEBUG]  Connected to InMemoryTrackerStore.
2022-04-25 21:25:50,281 [DEBUG]  Connected to lock store 'InMemoryLockStore'.
2022-04-25 21:25:50,285 [DEBUG]  Extracted model to '/tmp/tmphgd0z6d4'.
2022-04-25 21:25:50,287 [DEBUG]  Instantiated NLG to 'TemplatedNaturalLanguageGenerator'.
2022-04-25 21:25:50,287 [INFO ]  Rasa server is up and running.
